c:\users\tetcos\desktop\channel notching\64bit\code\cognitiveradio\x64\debug\vc140.pdb
c:\users\tetcos\desktop\channel notching\64bit\code\cognitiveradio\x64\debug\vc140.idb
c:\users\tetcos\desktop\channel notching\64bit\code\cognitiveradio\x64\debug\802_22.obj
c:\users\tetcos\desktop\channel notching\64bit\code\cognitiveradio\x64\debug\channelnotching.obj
c:\users\tetcos\desktop\channel notching\64bit\code\cognitiveradio\x64\debug\dcd.obj
c:\users\tetcos\desktop\channel notching\64bit\code\cognitiveradio\x64\debug\dsframe.obj
c:\users\tetcos\desktop\channel notching\64bit\code\cognitiveradio\x64\debug\dsmap.obj
c:\users\tetcos\desktop\channel notching\64bit\code\cognitiveradio\x64\debug\dsx.obj
c:\users\tetcos\desktop\channel notching\64bit\code\cognitiveradio\x64\debug\fch.obj
c:\users\tetcos\desktop\channel notching\64bit\code\cognitiveradio\x64\debug\fragmentation.obj
c:\users\tetcos\desktop\channel notching\64bit\code\cognitiveradio\x64\debug\incumbent.obj
c:\users\tetcos\desktop\channel notching\64bit\code\cognitiveradio\x64\debug\ofdma.obj
c:\users\tetcos\desktop\channel notching\64bit\code\cognitiveradio\x64\debug\packetforward.obj
c:\users\tetcos\desktop\channel notching\64bit\code\cognitiveradio\x64\debug\propagationmodel.obj
c:\users\tetcos\desktop\channel notching\64bit\code\cognitiveradio\x64\debug\sch.obj
c:\users\tetcos\desktop\channel notching\64bit\code\cognitiveradio\x64\debug\spectrummanager.obj
c:\users\tetcos\desktop\channel notching\64bit\code\cognitiveradio\x64\debug\ucd.obj
c:\users\tetcos\desktop\channel notching\64bit\code\cognitiveradio\x64\debug\usframe.obj
c:\users\tetcos\desktop\channel notching\64bit\code\cognitiveradio\x64\debug\usmap.obj
c:\users\tetcos\desktop\channel notching\64bit\code\dll\cognitiveradio.lib
c:\users\tetcos\desktop\channel notching\64bit\code\dll\cognitiveradio.exp
c:\users\tetcos\desktop\channel notching\64bit\code\dll\libcognitiveradio.dll
c:\users\tetcos\desktop\channel notching\64bit\code\dll\cognitiveradio.pdb
c:\users\tetcos\desktop\channel notching\64bit\code\cognitiveradio\x64\debug\cognitiveradio.tlog\cl.command.1.tlog
c:\users\tetcos\desktop\channel notching\64bit\code\cognitiveradio\x64\debug\cognitiveradio.tlog\cl.read.1.tlog
c:\users\tetcos\desktop\channel notching\64bit\code\cognitiveradio\x64\debug\cognitiveradio.tlog\cl.write.1.tlog
c:\users\tetcos\desktop\channel notching\64bit\code\cognitiveradio\x64\debug\cognitiveradio.tlog\cognitiveradio.write.1u.tlog
c:\users\tetcos\desktop\channel notching\64bit\code\cognitiveradio\x64\debug\cognitiveradio.tlog\link.command.1.tlog
c:\users\tetcos\desktop\channel notching\64bit\code\cognitiveradio\x64\debug\cognitiveradio.tlog\link.read.1.tlog
c:\users\tetcos\desktop\channel notching\64bit\code\cognitiveradio\x64\debug\cognitiveradio.tlog\link.write.1.tlog
