c:\users\tetcos\desktop\channel notching\32bit\code\cognitiveradio\debug\vc140.pdb
c:\users\tetcos\desktop\channel notching\32bit\code\cognitiveradio\debug\vc140.idb
c:\users\tetcos\desktop\channel notching\32bit\code\cognitiveradio\debug\802_22.obj
c:\users\tetcos\desktop\channel notching\32bit\code\cognitiveradio\debug\channelnotching.obj
c:\users\tetcos\desktop\channel notching\32bit\code\cognitiveradio\debug\dcd.obj
c:\users\tetcos\desktop\channel notching\32bit\code\cognitiveradio\debug\dsframe.obj
c:\users\tetcos\desktop\channel notching\32bit\code\cognitiveradio\debug\dsmap.obj
c:\users\tetcos\desktop\channel notching\32bit\code\cognitiveradio\debug\dsx.obj
c:\users\tetcos\desktop\channel notching\32bit\code\cognitiveradio\debug\fch.obj
c:\users\tetcos\desktop\channel notching\32bit\code\cognitiveradio\debug\fragmentation.obj
c:\users\tetcos\desktop\channel notching\32bit\code\cognitiveradio\debug\incumbent.obj
c:\users\tetcos\desktop\channel notching\32bit\code\cognitiveradio\debug\ofdma.obj
c:\users\tetcos\desktop\channel notching\32bit\code\cognitiveradio\debug\packetforward.obj
c:\users\tetcos\desktop\channel notching\32bit\code\cognitiveradio\debug\propagationmodel.obj
c:\users\tetcos\desktop\channel notching\32bit\code\cognitiveradio\debug\sch.obj
c:\users\tetcos\desktop\channel notching\32bit\code\cognitiveradio\debug\spectrummanager.obj
c:\users\tetcos\desktop\channel notching\32bit\code\cognitiveradio\debug\ucd.obj
c:\users\tetcos\desktop\channel notching\32bit\code\cognitiveradio\debug\usframe.obj
c:\users\tetcos\desktop\channel notching\32bit\code\cognitiveradio\debug\usmap.obj
c:\users\tetcos\desktop\channel notching\32bit\code\dll\cognitiveradio.lib
c:\users\tetcos\desktop\channel notching\32bit\code\dll\cognitiveradio.exp
c:\users\tetcos\desktop\channel notching\32bit\code\dll\libcognitiveradio.dll
c:\users\tetcos\desktop\channel notching\32bit\code\dll\cognitiveradio.pdb
e:\final_projects_v10.2\channel notching\32bit\code\cognitiveradio\debug\802_22.obj
e:\final_projects_v10.2\channel notching\32bit\code\cognitiveradio\debug\channelnotching.obj
e:\final_projects_v10.2\channel notching\32bit\code\cognitiveradio\debug\dcd.obj
e:\final_projects_v10.2\channel notching\32bit\code\cognitiveradio\debug\dsframe.obj
e:\final_projects_v10.2\channel notching\32bit\code\cognitiveradio\debug\dsmap.obj
e:\final_projects_v10.2\channel notching\32bit\code\cognitiveradio\debug\dsx.obj
e:\final_projects_v10.2\channel notching\32bit\code\cognitiveradio\debug\fch.obj
e:\final_projects_v10.2\channel notching\32bit\code\cognitiveradio\debug\fragmentation.obj
e:\final_projects_v10.2\channel notching\32bit\code\cognitiveradio\debug\incumbent.obj
e:\final_projects_v10.2\channel notching\32bit\code\cognitiveradio\debug\ofdma.obj
e:\final_projects_v10.2\channel notching\32bit\code\cognitiveradio\debug\packetforward.obj
e:\final_projects_v10.2\channel notching\32bit\code\cognitiveradio\debug\propagationmodel.obj
e:\final_projects_v10.2\channel notching\32bit\code\cognitiveradio\debug\sch.obj
e:\final_projects_v10.2\channel notching\32bit\code\cognitiveradio\debug\spectrummanager.obj
e:\final_projects_v10.2\channel notching\32bit\code\cognitiveradio\debug\ucd.obj
e:\final_projects_v10.2\channel notching\32bit\code\cognitiveradio\debug\usframe.obj
e:\final_projects_v10.2\channel notching\32bit\code\cognitiveradio\debug\usmap.obj
e:\final_projects_v10.2\channel notching\32bit\code\cognitiveradio\debug\vc140.idb
e:\final_projects_v10.2\channel notching\32bit\code\cognitiveradio\debug\vc140.pdb
e:\final_projects_v10.2\channel notching\32bit\code\cognitiveradio\debug\cognitiveradio.tlog\cl.command.1.tlog
e:\final_projects_v10.2\channel notching\32bit\code\cognitiveradio\debug\cognitiveradio.tlog\cl.read.1.tlog
e:\final_projects_v10.2\channel notching\32bit\code\cognitiveradio\debug\cognitiveradio.tlog\cl.write.1.tlog
e:\final_projects_v10.2\channel notching\32bit\code\cognitiveradio\debug\cognitiveradio.tlog\cognitiveradio.write.1u.tlog
e:\final_projects_v10.2\channel notching\32bit\code\cognitiveradio\debug\cognitiveradio.tlog\link.command.1.tlog
e:\final_projects_v10.2\channel notching\32bit\code\cognitiveradio\debug\cognitiveradio.tlog\link.read.1.tlog
e:\final_projects_v10.2\channel notching\32bit\code\cognitiveradio\debug\cognitiveradio.tlog\link.write.1.tlog
